{"/Users/steggie/g2-challenge/src/js/redux/actions/quiz.js": {"path":"/Users/steggie/g2-challenge/src/js/redux/actions/quiz.js","statementMap":{"0":{"start":{"line":3,"column":25},"end":{"line":6,"column":2}},"1":{"start":{"line":4,"column":1},"end":{"line":6,"column":1}},"2":{"start":{"line":8,"column":25},"end":{"line":11,"column":2}},"3":{"start":{"line":9,"column":1},"end":{"line":11,"column":1}},"4":{"start":{"line":13,"column":34},"end":{"line":20,"column":2}},"5":{"start":{"line":14,"column":1},"end":{"line":20,"column":1}},"6":{"start":{"line":22,"column":34},"end":{"line":28,"column":2}},"7":{"start":{"line":23,"column":1},"end":{"line":28,"column":1}},"8":{"start":{"line":30,"column":30},"end":{"line":37,"column":2}},"9":{"start":{"line":31,"column":1},"end":{"line":37,"column":1}}},"fnMap":{"0":{"name":"(anonymous_0)","decl":{"start":{"line":3,"column":25},"end":{"line":3,"column":26}},"loc":{"start":{"line":4,"column":1},"end":{"line":6,"column":1}},"line":4},"1":{"name":"(anonymous_1)","decl":{"start":{"line":8,"column":25},"end":{"line":8,"column":26}},"loc":{"start":{"line":9,"column":1},"end":{"line":11,"column":1}},"line":9},"2":{"name":"(anonymous_2)","decl":{"start":{"line":13,"column":34},"end":{"line":13,"column":35}},"loc":{"start":{"line":14,"column":1},"end":{"line":20,"column":1}},"line":14},"3":{"name":"(anonymous_3)","decl":{"start":{"line":22,"column":34},"end":{"line":22,"column":35}},"loc":{"start":{"line":23,"column":1},"end":{"line":28,"column":1}},"line":23},"4":{"name":"(anonymous_4)","decl":{"start":{"line":30,"column":30},"end":{"line":30,"column":31}},"loc":{"start":{"line":31,"column":1},"end":{"line":37,"column":1}},"line":31}},"branchMap":{},"s":{"0":2,"1":1,"2":2,"3":3,"4":2,"5":2,"6":2,"7":2,"8":2,"9":1},"f":{"0":1,"1":3,"2":2,"3":2,"4":1},"b":{},"_coverageSchema":"332fd63041d2c1bcb487cc26dd0d5f7d97098a6c","hash":"cf0d92a1577872a1b082c8344637bbfe28a0e859"}
,"/Users/steggie/g2-challenge/src/js/redux/epics/quiz.js": {"path":"/Users/steggie/g2-challenge/src/js/redux/epics/quiz.js","statementMap":{"0":{"start":{"line":20,"column":19},"end":{"line":20,"column":46}},"1":{"start":{"line":21,"column":23},"end":{"line":24,"column":1}},"2":{"start":{"line":26,"column":29},"end":{"line":35,"column":5}},"3":{"start":{"line":27,"column":2},"end":{"line":35,"column":5}},"4":{"start":{"line":29,"column":6},"end":{"line":34,"column":65}},"5":{"start":{"line":33,"column":20},"end":{"line":33,"column":76}},"6":{"start":{"line":34,"column":24},"end":{"line":34,"column":64}}},"fnMap":{"0":{"name":"(anonymous_0)","decl":{"start":{"line":26,"column":29},"end":{"line":26,"column":30}},"loc":{"start":{"line":27,"column":2},"end":{"line":35,"column":5}},"line":27},"1":{"name":"(anonymous_1)","decl":{"start":{"line":28,"column":14},"end":{"line":28,"column":15}},"loc":{"start":{"line":29,"column":6},"end":{"line":34,"column":65}},"line":29},"2":{"name":"(anonymous_2)","decl":{"start":{"line":33,"column":13},"end":{"line":33,"column":14}},"loc":{"start":{"line":33,"column":20},"end":{"line":33,"column":76}},"line":33},"3":{"name":"(anonymous_3)","decl":{"start":{"line":34,"column":15},"end":{"line":34,"column":16}},"loc":{"start":{"line":34,"column":24},"end":{"line":34,"column":64}},"line":34}},"branchMap":{},"s":{"0":1,"1":1,"2":1,"3":8,"4":2,"5":1,"6":1},"f":{"0":8,"1":2,"2":1,"3":1},"b":{},"_coverageSchema":"332fd63041d2c1bcb487cc26dd0d5f7d97098a6c","hash":"f1125be5c1b24336718dfff22ccabb911128ae79"}
,"/Users/steggie/g2-challenge/src/js/redux/reducers/quiz.js": {"path":"/Users/steggie/g2-challenge/src/js/redux/reducers/quiz.js","statementMap":{"0":{"start":{"line":3,"column":21},"end":{"line":9,"column":1}},"1":{"start":{"line":11,"column":30},"end":{"line":12,"column":27}},"2":{"start":{"line":12,"column":3},"end":{"line":12,"column":26}},"3":{"start":{"line":14,"column":31},"end":{"line":16,"column":61}},"4":{"start":{"line":15,"column":2},"end":{"line":16,"column":61}},"5":{"start":{"line":19,"column":2},"end":{"line":51,"column":3}},"6":{"start":{"line":21,"column":4},"end":{"line":25,"column":6}},"7":{"start":{"line":27,"column":4},"end":{"line":32,"column":6}},"8":{"start":{"line":34,"column":4},"end":{"line":38,"column":6}},"9":{"start":{"line":40,"column":4},"end":{"line":46,"column":6}},"10":{"start":{"line":48,"column":4},"end":{"line":48,"column":23}},"11":{"start":{"line":50,"column":4},"end":{"line":50,"column":16}}},"fnMap":{"0":{"name":"(anonymous_0)","decl":{"start":{"line":11,"column":30},"end":{"line":11,"column":31}},"loc":{"start":{"line":12,"column":3},"end":{"line":12,"column":26}},"line":12},"1":{"name":"(anonymous_1)","decl":{"start":{"line":14,"column":31},"end":{"line":14,"column":32}},"loc":{"start":{"line":15,"column":2},"end":{"line":16,"column":61}},"line":15},"2":{"name":"(anonymous_2)","decl":{"start":{"line":18,"column":15},"end":{"line":18,"column":16}},"loc":{"start":{"line":18,"column":65},"end":{"line":52,"column":1}},"line":18}},"branchMap":{"0":{"loc":{"start":{"line":15,"column":2},"end":{"line":16,"column":61}},"type":"cond-expr","locations":[{"start":{"line":16,"column":2},"end":{"line":16,"column":54}},{"start":{"line":16,"column":57},"end":{"line":16,"column":61}}],"line":15},"1":{"loc":{"start":{"line":18,"column":16},"end":{"line":18,"column":44}},"type":"default-arg","locations":[{"start":{"line":18,"column":32},"end":{"line":18,"column":44}}],"line":18},"2":{"loc":{"start":{"line":19,"column":2},"end":{"line":51,"column":3}},"type":"switch","locations":[{"start":{"line":20,"column":2},"end":{"line":25,"column":6}},{"start":{"line":26,"column":2},"end":{"line":32,"column":6}},{"start":{"line":33,"column":2},"end":{"line":38,"column":6}},{"start":{"line":39,"column":2},"end":{"line":46,"column":6}},{"start":{"line":47,"column":2},"end":{"line":48,"column":23}},{"start":{"line":49,"column":2},"end":{"line":50,"column":16}}],"line":19}},"s":{"0":1,"1":1,"2":3,"3":1,"4":4,"5":6,"6":1,"7":1,"8":1,"9":1,"10":1,"11":1},"f":{"0":3,"1":4,"2":6},"b":{"0":[3,1],"1":[1],"2":[1,1,1,1,1,1]},"_coverageSchema":"332fd63041d2c1bcb487cc26dd0d5f7d97098a6c","hash":"a693c5d94873636e3c69c71ba46645b8ea8e4dfa"}
}
