TN:
SF:/Users/steggie/react-styled-boilerplate/src/js/redux/actions/quiz.js
FN:3,(anonymous_0)
FN:8,(anonymous_1)
FN:13,(anonymous_2)
FN:22,(anonymous_3)
FN:30,(anonymous_4)
FNF:5
FNH:5
FNDA:1,(anonymous_0)
FNDA:3,(anonymous_1)
FNDA:2,(anonymous_2)
FNDA:2,(anonymous_3)
FNDA:1,(anonymous_4)
DA:3,2
DA:4,1
DA:8,2
DA:9,3
DA:13,2
DA:14,2
DA:22,2
DA:23,2
DA:30,2
DA:31,1
LF:10
LH:10
BRF:0
BRH:0
end_of_record
TN:
SF:/Users/steggie/react-styled-boilerplate/src/js/redux/epics/quiz.js
FN:26,(anonymous_0)
FN:28,(anonymous_1)
FN:33,(anonymous_2)
FN:34,(anonymous_3)
FNF:4
FNH:4
FNDA:8,(anonymous_0)
FNDA:2,(anonymous_1)
FNDA:1,(anonymous_2)
FNDA:1,(anonymous_3)
DA:20,1
DA:21,1
DA:26,1
DA:27,8
DA:29,2
DA:33,1
DA:34,1
LF:7
LH:7
BRF:0
BRH:0
end_of_record
TN:
SF:/Users/steggie/react-styled-boilerplate/src/js/redux/reducers/quiz.js
FN:11,(anonymous_0)
FN:14,(anonymous_1)
FN:18,(anonymous_2)
FNF:3
FNH:3
FNDA:3,(anonymous_0)
FNDA:4,(anonymous_1)
FNDA:6,(anonymous_2)
DA:3,1
DA:11,1
DA:12,3
DA:14,1
DA:15,4
DA:19,6
DA:21,1
DA:27,1
DA:34,1
DA:40,1
DA:48,1
DA:50,1
LF:12
LH:12
BRDA:15,0,0,3
BRDA:15,0,1,1
BRDA:18,1,0,1
BRDA:19,2,0,1
BRDA:19,2,1,1
BRDA:19,2,2,1
BRDA:19,2,3,1
BRDA:19,2,4,1
BRDA:19,2,5,1
BRF:9
BRH:9
end_of_record
TN:
SF:/Users/steggie/react-styled-boilerplate/src/js/utils/helpers.js
FN:5,(anonymous_0)
FN:8,(anonymous_1)
FN:11,(anonymous_2)
FNF:3
FNH:3
FNDA:2,(anonymous_0)
FNDA:2,(anonymous_1)
FNDA:1,(anonymous_2)
DA:5,1
DA:6,2
DA:8,1
DA:9,2
DA:11,1
DA:12,1
DA:13,1
DA:14,1
DA:15,1
LF:9
LH:9
BRDA:6,0,0,1
BRDA:6,0,1,1
BRDA:9,1,0,1
BRDA:9,1,1,1
BRF:4
BRH:4
end_of_record
